[27-Dec-2017 19:20:48 UTC] PHP Fatal error:  Namespace declaration statement has to be the very first statement or after any declare call in the script in /home/ubuntu/workspace/animate/src/Controller/LoginController.php on line 3
[05-Jan-2018 09:12:03 UTC] PHP Warning:  require(/home/ubuntu/workspace/animate/public/../vendor/autoload.php): failed to open stream: No such file or directory in /home/ubuntu/workspace/animate/public/index.php on line 8
[05-Jan-2018 09:12:03 UTC] PHP Fatal error:  require(): Failed opening required '/home/ubuntu/workspace/animate/public/../vendor/autoload.php' (include_path='.:/usr/share/php') in /home/ubuntu/workspace/animate/public/index.php on line 8
[05-Jan-2018 09:12:04 UTC] PHP Warning:  require(/home/ubuntu/workspace/animate/public/../vendor/autoload.php): failed to open stream: No such file or directory in /home/ubuntu/workspace/animate/public/index.php on line 8
[05-Jan-2018 09:12:04 UTC] PHP Fatal error:  require(): Failed opening required '/home/ubuntu/workspace/animate/public/../vendor/autoload.php' (include_path='.:/usr/share/php') in /home/ubuntu/workspace/animate/public/index.php on line 8
[05-Jan-2018 09:12:38 UTC] PHP Warning:  require(/home/ubuntu/workspace/animate/public/../vendor/autoload.php): failed to open stream: No such file or directory in /home/ubuntu/workspace/animate/public/index.php on line 8
[05-Jan-2018 09:12:38 UTC] PHP Fatal error:  require(): Failed opening required '/home/ubuntu/workspace/animate/public/../vendor/autoload.php' (include_path='.:/usr/share/php') in /home/ubuntu/workspace/animate/public/index.php on line 8
[05-Jan-2018 09:12:43 UTC] PHP Warning:  require(/home/ubuntu/workspace/animate/public/../vendor/autoload.php): failed to open stream: No such file or directory in /home/ubuntu/workspace/animate/public/index.php on line 8
[05-Jan-2018 09:12:43 UTC] PHP Fatal error:  require(): Failed opening required '/home/ubuntu/workspace/animate/public/../vendor/autoload.php' (include_path='.:/usr/share/php') in /home/ubuntu/workspace/animate/public/index.php on line 8
[05-Jan-2018 09:12:44 UTC] PHP Warning:  require(/home/ubuntu/workspace/animate/public/../vendor/autoload.php): failed to open stream: No such file or directory in /home/ubuntu/workspace/animate/public/index.php on line 8
[05-Jan-2018 09:12:44 UTC] PHP Fatal error:  require(): Failed opening required '/home/ubuntu/workspace/animate/public/../vendor/autoload.php' (include_path='.:/usr/share/php') in /home/ubuntu/workspace/animate/public/index.php on line 8
[05-Jan-2018 09:25:34 UTC] PHP Warning:  require(/home/ubuntu/workspace/animate/public/../vendor/autoload.php): failed to open stream: No such file or directory in /home/ubuntu/workspace/animate/public/index.php on line 8
[05-Jan-2018 09:25:34 UTC] PHP Fatal error:  require(): Failed opening required '/home/ubuntu/workspace/animate/public/../vendor/autoload.php' (include_path='.:/usr/share/php') in /home/ubuntu/workspace/animate/public/index.php on line 8
[05-Jan-2018 09:25:35 UTC] PHP Warning:  require(/home/ubuntu/workspace/animate/public/../vendor/autoload.php): failed to open stream: No such file or directory in /home/ubuntu/workspace/animate/public/index.php on line 8
[05-Jan-2018 09:25:35 UTC] PHP Fatal error:  require(): Failed opening required '/home/ubuntu/workspace/animate/public/../vendor/autoload.php' (include_path='.:/usr/share/php') in /home/ubuntu/workspace/animate/public/index.php on line 8
[05-Jan-2018 09:33:21 UTC] PHP Notice:  Undefined variable: cheminPart in /home/ubuntu/workspace/animate/templates/template-article-blog.php on line 3
[05-Jan-2018 09:33:21 UTC] PHP Warning:  require_once(/header.php): failed to open stream: No such file or directory in /home/ubuntu/workspace/animate/templates/template-article-blog.php on line 3
[05-Jan-2018 09:33:21 UTC] PHP Fatal error:  require_once(): Failed opening required '/header.php' (include_path='.:/usr/share/php') in /home/ubuntu/workspace/animate/templates/template-article-blog.php on line 3
[05-Jan-2018 09:33:26 UTC] PHP Notice:  Undefined variable: cheminPart in /home/ubuntu/workspace/animate/templates/template-article-blog.php on line 3
[05-Jan-2018 09:33:26 UTC] PHP Warning:  require_once(/header.php): failed to open stream: No such file or directory in /home/ubuntu/workspace/animate/templates/template-article-blog.php on line 3
[05-Jan-2018 09:33:26 UTC] PHP Fatal error:  require_once(): Failed opening required '/header.php' (include_path='.:/usr/share/php') in /home/ubuntu/workspace/animate/templates/template-article-blog.php on line 3
[05-Jan-2018 09:33:44 UTC] PHP Notice:  Undefined variable: cheminPart in /home/ubuntu/workspace/animate/templates/template-article-blog.php on line 3
[05-Jan-2018 09:33:44 UTC] PHP Warning:  require_once(/header.php): failed to open stream: No such file or directory in /home/ubuntu/workspace/animate/templates/template-article-blog.php on line 3
[05-Jan-2018 09:33:44 UTC] PHP Fatal error:  require_once(): Failed opening required '/header.php' (include_path='.:/usr/share/php') in /home/ubuntu/workspace/animate/templates/template-article-blog.php on line 3
[05-Jan-2018 09:33:52 UTC] PHP Warning:  require(/home/ubuntu/workspace/animate/public/../vendor/autoload.php): failed to open stream: No such file or directory in /home/ubuntu/workspace/animate/public/index.php on line 8
[05-Jan-2018 09:33:52 UTC] PHP Fatal error:  require(): Failed opening required '/home/ubuntu/workspace/animate/public/../vendor/autoload.php' (include_path='.:/usr/share/php') in /home/ubuntu/workspace/animate/public/index.php on line 8
