[05-Jan-2018 09:13:18 UTC] PHP Notice:  Undefined variable: objetRequest in /home/ubuntu/workspace/animate/templates/part/section-accueil.php on line 17
[05-Jan-2018 09:13:18 UTC] PHP Fatal error:  Uncaught Error: Call to a member function get() on null in /home/ubuntu/workspace/animate/templates/part/section-accueil.php:17
Stack trace:
#0 {main}
  thrown in /home/ubuntu/workspace/animate/templates/part/section-accueil.php on line 17
[05-Jan-2018 09:14:47 UTC] PHP Notice:  Undefined variable: objetRequest in /home/ubuntu/workspace/animate/templates/part/section-accueil.php on line 17
[05-Jan-2018 09:14:47 UTC] PHP Fatal error:  Uncaught Error: Call to a member function get() on null in /home/ubuntu/workspace/animate/templates/part/section-accueil.php:17
Stack trace:
#0 {main}
  thrown in /home/ubuntu/workspace/animate/templates/part/section-accueil.php on line 17
[07-Jan-2018 14:03:15 UTC] PHP Fatal error:  Uncaught Error: Using $this when not in object context in /home/ubuntu/workspace/animate/templates/part/section-utilisateurs.php:21
Stack trace:
#0 {main}
  thrown in /home/ubuntu/workspace/animate/templates/part/section-utilisateurs.php on line 21
[08-Jan-2018 11:07:57 UTC] PHP Notice:  Undefined variable: objetRequest in /home/ubuntu/workspace/animate/templates/part/section-admin-login.php on line 54
[08-Jan-2018 11:07:57 UTC] PHP Fatal error:  Uncaught Error: Call to a member function get() on null in /home/ubuntu/workspace/animate/templates/part/section-admin-login.php:54
Stack trace:
#0 {main}
  thrown in /home/ubuntu/workspace/animate/templates/part/section-admin-login.php on line 54
[08-Jan-2018 11:08:18 UTC] PHP Notice:  Undefined variable: objetRequest in /home/ubuntu/workspace/animate/templates/part/section-admin-login.php on line 54
[08-Jan-2018 11:08:18 UTC] PHP Fatal error:  Uncaught Error: Call to a member function get() on null in /home/ubuntu/workspace/animate/templates/part/section-admin-login.php:54
Stack trace:
#0 {main}
  thrown in /home/ubuntu/workspace/animate/templates/part/section-admin-login.php on line 54
[08-Jan-2018 11:09:28 UTC] PHP Notice:  Undefined variable: objetRequest in /home/ubuntu/workspace/animate/templates/part/section-admin-login.php on line 54
[08-Jan-2018 11:09:28 UTC] PHP Fatal error:  Uncaught Error: Call to a member function get() on null in /home/ubuntu/workspace/animate/templates/part/section-admin-login.php:54
Stack trace:
#0 {main}
  thrown in /home/ubuntu/workspace/animate/templates/part/section-admin-login.php on line 54
[08-Jan-2018 11:09:34 UTC] PHP Notice:  Undefined variable: objetRequest in /home/ubuntu/workspace/animate/templates/part/section-admin-login.php on line 54
[08-Jan-2018 11:09:34 UTC] PHP Fatal error:  Uncaught Error: Call to a member function get() on null in /home/ubuntu/workspace/animate/templates/part/section-admin-login.php:54
Stack trace:
#0 {main}
  thrown in /home/ubuntu/workspace/animate/templates/part/section-admin-login.php on line 54
[08-Jan-2018 11:12:38 UTC] PHP Notice:  Undefined variable: objetRequest in /home/ubuntu/workspace/animate/templates/part/section-admin-login.php on line 54
[08-Jan-2018 11:12:38 UTC] PHP Fatal error:  Uncaught Error: Call to a member function get() on null in /home/ubuntu/workspace/animate/templates/part/section-admin-login.php:54
Stack trace:
#0 {main}
  thrown in /home/ubuntu/workspace/animate/templates/part/section-admin-login.php on line 54
[08-Jan-2018 11:13:33 UTC] PHP Notice:  Undefined variable: objetRequest in /home/ubuntu/workspace/animate/templates/part/section-admin-login.php on line 54
[08-Jan-2018 11:13:33 UTC] PHP Fatal error:  Uncaught Error: Call to a member function get() on null in /home/ubuntu/workspace/animate/templates/part/section-admin-login.php:54
Stack trace:
#0 {main}
  thrown in /home/ubuntu/workspace/animate/templates/part/section-admin-login.php on line 54
[08-Jan-2018 12:35:06 UTC] PHP Notice:  Undefined variable: objetRequest in /home/ubuntu/workspace/animate/templates/part/section-admin-login.php on line 54
[08-Jan-2018 12:35:06 UTC] PHP Fatal error:  Uncaught Error: Call to a member function get() on null in /home/ubuntu/workspace/animate/templates/part/section-admin-login.php:54
Stack trace:
#0 {main}
  thrown in /home/ubuntu/workspace/animate/templates/part/section-admin-login.php on line 54
[08-Jan-2018 12:36:44 UTC] PHP Notice:  Undefined variable: objetRequest in /home/ubuntu/workspace/animate/templates/part/section-admin-login.php on line 54
[08-Jan-2018 12:36:44 UTC] PHP Fatal error:  Uncaught Error: Call to a member function get() on null in /home/ubuntu/workspace/animate/templates/part/section-admin-login.php:54
Stack trace:
#0 {main}
  thrown in /home/ubuntu/workspace/animate/templates/part/section-admin-login.php on line 54
[08-Jan-2018 12:36:54 UTC] PHP Notice:  Undefined variable: objetRequest in /home/ubuntu/workspace/animate/templates/part/section-admin-login.php on line 54
[08-Jan-2018 12:36:54 UTC] PHP Fatal error:  Uncaught Error: Call to a member function get() on null in /home/ubuntu/workspace/animate/templates/part/section-admin-login.php:54
Stack trace:
#0 {main}
  thrown in /home/ubuntu/workspace/animate/templates/part/section-admin-login.php on line 54
[08-Jan-2018 12:39:30 UTC] PHP Notice:  Undefined variable: objetRequest in /home/ubuntu/workspace/animate/templates/part/section-admin-login.php on line 54
[08-Jan-2018 12:39:30 UTC] PHP Fatal error:  Uncaught Error: Call to a member function get() on null in /home/ubuntu/workspace/animate/templates/part/section-admin-login.php:54
Stack trace:
#0 {main}
  thrown in /home/ubuntu/workspace/animate/templates/part/section-admin-login.php on line 54
[08-Jan-2018 12:39:36 UTC] PHP Notice:  Undefined variable: objetRequest in /home/ubuntu/workspace/animate/templates/part/section-admin-login.php on line 54
[08-Jan-2018 12:39:36 UTC] PHP Fatal error:  Uncaught Error: Call to a member function get() on null in /home/ubuntu/workspace/animate/templates/part/section-admin-login.php:54
Stack trace:
#0 {main}
  thrown in /home/ubuntu/workspace/animate/templates/part/section-admin-login.php on line 54
[08-Jan-2018 12:39:59 UTC] PHP Notice:  Undefined variable: objetRequest in /home/ubuntu/workspace/animate/templates/part/section-admin-login.php on line 54
[08-Jan-2018 12:39:59 UTC] PHP Fatal error:  Uncaught Error: Call to a member function get() on null in /home/ubuntu/workspace/animate/templates/part/section-admin-login.php:54
Stack trace:
#0 {main}
  thrown in /home/ubuntu/workspace/animate/templates/part/section-admin-login.php on line 54
[08-Jan-2018 12:44:09 UTC] PHP Notice:  Undefined variable: objetRequest in /home/ubuntu/workspace/animate/templates/part/section-admin-login.php on line 54
[08-Jan-2018 12:44:09 UTC] PHP Fatal error:  Uncaught Error: Call to a member function get() on null in /home/ubuntu/workspace/animate/templates/part/section-admin-login.php:54
Stack trace:
#0 {main}
  thrown in /home/ubuntu/workspace/animate/templates/part/section-admin-login.php on line 54
[08-Jan-2018 12:52:46 UTC] PHP Notice:  Undefined variable: objetRequest in /home/ubuntu/workspace/animate/templates/part/section-admin-login.php on line 50
[08-Jan-2018 12:52:46 UTC] PHP Fatal error:  Uncaught Error: Call to a member function get() on null in /home/ubuntu/workspace/animate/templates/part/section-admin-login.php:50
Stack trace:
#0 {main}
  thrown in /home/ubuntu/workspace/animate/templates/part/section-admin-login.php on line 50
[08-Jan-2018 12:53:13 UTC] PHP Notice:  Undefined variable: objetRequest in /home/ubuntu/workspace/animate/templates/part/section-admin-login.php on line 50
[08-Jan-2018 12:53:13 UTC] PHP Fatal error:  Uncaught Error: Call to a member function get() on null in /home/ubuntu/workspace/animate/templates/part/section-admin-login.php:50
Stack trace:
#0 {main}
  thrown in /home/ubuntu/workspace/animate/templates/part/section-admin-login.php on line 50
[08-Jan-2018 12:53:34 UTC] PHP Notice:  Undefined variable: objetRequest in /home/ubuntu/workspace/animate/templates/part/section-admin-login.php on line 50
[08-Jan-2018 12:53:34 UTC] PHP Fatal error:  Uncaught Error: Call to a member function get() on null in /home/ubuntu/workspace/animate/templates/part/section-admin-login.php:50
Stack trace:
#0 {main}
  thrown in /home/ubuntu/workspace/animate/templates/part/section-admin-login.php on line 50
[08-Jan-2018 13:07:14 UTC] PHP Notice:  Undefined variable: objetRequest in /home/ubuntu/workspace/animate/templates/part/section-admin-login.php on line 50
[08-Jan-2018 13:07:14 UTC] PHP Fatal error:  Uncaught Error: Call to a member function get() on null in /home/ubuntu/workspace/animate/templates/part/section-admin-login.php:50
Stack trace:
#0 {main}
  thrown in /home/ubuntu/workspace/animate/templates/part/section-admin-login.php on line 50
[08-Jan-2018 13:07:24 UTC] PHP Notice:  Undefined variable: objetRequest in /home/ubuntu/workspace/animate/templates/part/section-admin-login.php on line 50
[08-Jan-2018 13:07:24 UTC] PHP Fatal error:  Uncaught Error: Call to a member function get() on null in /home/ubuntu/workspace/animate/templates/part/section-admin-login.php:50
Stack trace:
#0 {main}
  thrown in /home/ubuntu/workspace/animate/templates/part/section-admin-login.php on line 50
[08-Jan-2018 13:09:38 UTC] PHP Notice:  Undefined variable: objetRequest in /home/ubuntu/workspace/animate/templates/part/section-admin-login.php on line 50
[08-Jan-2018 13:09:38 UTC] PHP Fatal error:  Uncaught Error: Call to a member function get() on null in /home/ubuntu/workspace/animate/templates/part/section-admin-login.php:50
Stack trace:
#0 {main}
  thrown in /home/ubuntu/workspace/animate/templates/part/section-admin-login.php on line 50
[08-Jan-2018 13:18:31 UTC] PHP Notice:  Undefined variable: objetRequest in /home/ubuntu/workspace/animate/templates/part/section-admin-login.php on line 69
[08-Jan-2018 13:18:31 UTC] PHP Fatal error:  Uncaught Error: Call to a member function get() on null in /home/ubuntu/workspace/animate/templates/part/section-admin-login.php:69
Stack trace:
#0 {main}
  thrown in /home/ubuntu/workspace/animate/templates/part/section-admin-login.php on line 69
[08-Jan-2018 13:26:50 UTC] PHP Notice:  Undefined variable: objetRequest in /home/ubuntu/workspace/animate/templates/part/section-admin-login.php on line 69
[08-Jan-2018 13:26:50 UTC] PHP Fatal error:  Uncaught Error: Call to a member function get() on null in /home/ubuntu/workspace/animate/templates/part/section-admin-login.php:69
Stack trace:
#0 {main}
  thrown in /home/ubuntu/workspace/animate/templates/part/section-admin-login.php on line 69
[08-Jan-2018 13:26:56 UTC] PHP Notice:  Undefined variable: objetRequest in /home/ubuntu/workspace/animate/templates/part/section-admin-login.php on line 69
[08-Jan-2018 13:26:56 UTC] PHP Fatal error:  Uncaught Error: Call to a member function get() on null in /home/ubuntu/workspace/animate/templates/part/section-admin-login.php:69
Stack trace:
#0 {main}
  thrown in /home/ubuntu/workspace/animate/templates/part/section-admin-login.php on line 69
[08-Jan-2018 13:28:20 UTC] PHP Notice:  Undefined variable: objetRequest in /home/ubuntu/workspace/animate/templates/part/section-admin-login.php on line 68
[08-Jan-2018 13:28:20 UTC] PHP Fatal error:  Uncaught Error: Call to a member function get() on null in /home/ubuntu/workspace/animate/templates/part/section-admin-login.php:68
Stack trace:
#0 {main}
  thrown in /home/ubuntu/workspace/animate/templates/part/section-admin-login.php on line 68
[08-Jan-2018 15:06:53 UTC] PHP Notice:  Undefined variable: objetRequest in /home/ubuntu/workspace/animate/templates/part/admin-form-kits.php on line 19
[08-Jan-2018 15:06:53 UTC] PHP Fatal error:  Uncaught Error: Call to a member function get() on null in /home/ubuntu/workspace/animate/templates/part/admin-form-kits.php:19
Stack trace:
#0 {main}
  thrown in /home/ubuntu/workspace/animate/templates/part/admin-form-kits.php on line 19
[08-Jan-2018 15:06:55 UTC] PHP Notice:  Undefined variable: objetRequest in /home/ubuntu/workspace/animate/templates/part/admin-form-kits.php on line 19
[08-Jan-2018 15:06:55 UTC] PHP Fatal error:  Uncaught Error: Call to a member function get() on null in /home/ubuntu/workspace/animate/templates/part/admin-form-kits.php:19
Stack trace:
#0 {main}
  thrown in /home/ubuntu/workspace/animate/templates/part/admin-form-kits.php on line 19
[08-Jan-2018 15:06:56 UTC] PHP Notice:  Undefined variable: objetRequest in /home/ubuntu/workspace/animate/templates/part/admin-form-kits.php on line 19
[08-Jan-2018 15:06:56 UTC] PHP Fatal error:  Uncaught Error: Call to a member function get() on null in /home/ubuntu/workspace/animate/templates/part/admin-form-kits.php:19
Stack trace:
#0 {main}
  thrown in /home/ubuntu/workspace/animate/templates/part/admin-form-kits.php on line 19
[08-Jan-2018 15:24:02 UTC] PHP Notice:  Undefined variable: objetRequest in /home/ubuntu/workspace/animate/templates/part/admin-form-kits.php on line 19
[08-Jan-2018 15:24:02 UTC] PHP Fatal error:  Uncaught Error: Call to a member function get() on null in /home/ubuntu/workspace/animate/templates/part/admin-form-kits.php:19
Stack trace:
#0 {main}
  thrown in /home/ubuntu/workspace/animate/templates/part/admin-form-kits.php on line 19
[08-Jan-2018 15:27:14 UTC] PHP Notice:  Undefined variable: objetRequest in /home/ubuntu/workspace/animate/templates/part/admin-form-kits.php on line 19
[08-Jan-2018 15:27:14 UTC] PHP Fatal error:  Uncaught Error: Call to a member function get() on null in /home/ubuntu/workspace/animate/templates/part/admin-form-kits.php:19
Stack trace:
#0 {main}
  thrown in /home/ubuntu/workspace/animate/templates/part/admin-form-kits.php on line 19
[09-Jan-2018 09:11:13 UTC] PHP Notice:  Undefined variable: objetRequest in /home/ubuntu/workspace/animate/templates/part/admin-form-kits-read.php on line 4
[09-Jan-2018 09:11:13 UTC] PHP Fatal error:  Uncaught Error: Call to a member function get() on null in /home/ubuntu/workspace/animate/templates/part/admin-form-kits-read.php:4
Stack trace:
#0 {main}
  thrown in /home/ubuntu/workspace/animate/templates/part/admin-form-kits-read.php on line 4
[09-Jan-2018 09:11:14 UTC] PHP Notice:  Undefined variable: objetRequest in /home/ubuntu/workspace/animate/templates/part/admin-form-kits-read.php on line 4
[09-Jan-2018 09:11:14 UTC] PHP Fatal error:  Uncaught Error: Call to a member function get() on null in /home/ubuntu/workspace/animate/templates/part/admin-form-kits-read.php:4
Stack trace:
#0 {main}
  thrown in /home/ubuntu/workspace/animate/templates/part/admin-form-kits-read.php on line 4
[09-Jan-2018 09:11:17 UTC] PHP Notice:  Undefined variable: objetRequest in /home/ubuntu/workspace/animate/templates/part/admin-form-kits-create.php on line 19
[09-Jan-2018 09:11:17 UTC] PHP Fatal error:  Uncaught Error: Call to a member function get() on null in /home/ubuntu/workspace/animate/templates/part/admin-form-kits-create.php:19
Stack trace:
#0 {main}
  thrown in /home/ubuntu/workspace/animate/templates/part/admin-form-kits-create.php on line 19
[09-Jan-2018 09:26:18 UTC] PHP Notice:  Undefined variable: objetRequest in /home/ubuntu/workspace/animate/templates/part/admin-form-kits-create.php on line 19
[09-Jan-2018 09:26:18 UTC] PHP Fatal error:  Uncaught Error: Call to a member function get() on null in /home/ubuntu/workspace/animate/templates/part/admin-form-kits-create.php:19
Stack trace:
#0 {main}
  thrown in /home/ubuntu/workspace/animate/templates/part/admin-form-kits-create.php on line 19
